<?xml version="1.0" encoding="UTF-8"?>
<!-- Generated by org.testng.reporters.JUnitXMLReporter -->
<testsuite ignored="0" hostname="Laptop" failures="0" tests="4" name="Default test" time="4.456" errors="0" timestamp="2026-07-29T16:33:44 IST">
  <testcase classname="test.Placeobjectordertest" name="createCollection" time="2.818"/>
  <testcase classname="test.Placeobjectordertest" name="getCollection" time="0.41"/>
  <testcase classname="test.Placeobjectordertest" name="getObjectId" time="0.356"/>
  <testcase classname="test.Placeobjectordertest" name="getObjects" time="0.438"/>
</testsuite> <!-- Default test -->
