<?xml version="1.0" encoding="UTF-8"?>
<!-- Generated by org.testng.reporters.JUnitXMLReporter -->
<testsuite ignored="0" hostname="Laptop" failures="0" tests="4" name="Default test" time="4.478" errors="0" timestamp="2026-07-29T21:14:19 IST">
  <testcase classname="test.Placeobjectordertest" name="createCollection" time="2.916"/>
  <testcase classname="test.Placeobjectordertest" name="getCollection" time="0.379"/>
  <testcase classname="test.Placeobjectordertest" name="getObjectId" time="0.348"/>
  <testcase classname="test.Placeobjectordertest" name="getObjects" time="0.401"/>
</testsuite> <!-- Default test -->
