<?xml version="1.0" encoding="UTF-8"?>
<testsuite xmlns:xsi="http://www.w3.org/2001/XMLSchema-instance" xsi:noNamespaceSchemaLocation="https://maven.apache.org/surefire/maven-surefire-plugin/xsd/surefire-test-report-3.0.xsd" version="3.0" name="TestSuite" time="6.325" tests="2" errors="0" skipped="0" failures="0">
  <properties>
[...]
</properties>
  <testcase name="testCreateUser" classname="test.UserAccount" time="4.414">
    <system-out><![CDATA[882
{"name":"Ayushi","job":"SDET","id":"882","createdAt":"2026-07-23T16:55:11.906Z","_meta":{"powered_by":"ReqRes","docs_url":"https://app.reqres.in/documentation","upgrade_url":"https://app.reqres.in/upgrade","example_url":"https://app.reqres.in/examples/notes-app","variant":"v1_a","message":"Your data persists here. Add auth, logs, and custom schemas to build a real backend.","cta":{"label":"See example app","url":"https://app.reqres.in/examples/notes-app"},"context":"legacy_success"}}
]]></system-out>
    <system-err><![CDATA[SLF4J(W): No SLF4J providers were found.
SLF4J(W): Defaulting to no-operation (NOP) logger implementation
SLF4J(W): See https://www.slf4j.org/codes.html#noProviders for further details.
]]></system-err>
  </testcase>
  <testcase name="testLogin" classname="test.UserAccount" time="0.737">
    <system-out><![CDATA[QpwL5tke4Pnpja7X4
]]></system-out>
  </testcase>
</testsuite>