<?xml version="1.0" encoding="UTF-8"?>
<testng-results ignored="0" total="2" passed="2" failed="0" skipped="0">
  <reporter-output>
  </reporter-output>
  <suite started-at="2026-07-23T22:25:09 IST" name="TestSuite" finished-at="2026-07-23T22:25:15 IST" duration-ms="5196">
    <groups>
    </groups>
    <test started-at="2026-07-23T22:25:09 IST" name="API Tests" finished-at="2026-07-23T22:25:15 IST" duration-ms="5196">
      <class name="test.UserAccount">
        <test-method is-config="true" signature="beforeSuite()[pri:0, instance:test.UserAccount@6f96c77]" started-at="2026-07-23T22:25:09 IST" name="beforeSuite" finished-at="2026-07-23T22:25:09 IST" duration-ms="258" status="PASS">
          <reporter-output>
          </reporter-output>
        </test-method> <!-- beforeSuite -->
        <test-method signature="testCreateUser()[pri:0, instance:test.UserAccount@6f96c77]" started-at="2026-07-23T22:25:09 IST" name="testCreateUser" finished-at="2026-07-23T22:25:14 IST" duration-ms="4412" status="PASS">
          <reporter-output>
          </reporter-output>
        </test-method> <!-- testCreateUser -->
        <test-method signature="testLogin()[pri:0, instance:test.UserAccount@6f96c77]" started-at="2026-07-23T22:25:14 IST" name="testLogin" finished-at="2026-07-23T22:25:15 IST" duration-ms="744" status="PASS">
          <reporter-output>
          </reporter-output>
        </test-method> <!-- testLogin -->
        <test-method is-config="true" signature="afterSuite()[pri:0, instance:test.UserAccount@6f96c77]" started-at="2026-07-23T22:25:15 IST" name="afterSuite" finished-at="2026-07-23T22:25:15 IST" duration-ms="310" status="PASS">
          <reporter-output>
          </reporter-output>
        </test-method> <!-- afterSuite -->
      </class> <!-- test.UserAccount -->
    </test> <!-- API Tests -->
  </suite> <!-- TestSuite -->
</testng-results>
