<?xml version="1.0" encoding="UTF-8"?>
<testng-results ignored="0" total="4" passed="4" failed="0" skipped="0">
  <reporter-output>
  </reporter-output>
  <suite started-at="2026-07-29T21:14:14 IST" name="Default suite" finished-at="2026-07-29T21:14:19 IST" duration-ms="4478">
    <groups>
    </groups>
    <test started-at="2026-07-29T21:14:14 IST" name="Default test" finished-at="2026-07-29T21:14:19 IST" duration-ms="4478">
      <class name="test.Placeobjectordertest">
        <test-method is-config="true" signature="setup()[pri:0, instance:test.Placeobjectordertest@5656be13]" started-at="2026-07-29T21:14:14 IST" name="setup" finished-at="2026-07-29T21:14:15 IST" duration-ms="370" status="PASS">
          <reporter-output>
          </reporter-output>
        </test-method> <!-- setup -->
        <test-method signature="createCollection()[pri:0, instance:test.Placeobjectordertest@5656be13]" started-at="2026-07-29T21:14:15 IST" name="createCollection" finished-at="2026-07-29T21:14:18 IST" duration-ms="2916" status="PASS">
          <reporter-output>
          </reporter-output>
        </test-method> <!-- createCollection -->
        <test-method is-config="true" signature="setup()[pri:0, instance:test.Placeobjectordertest@5656be13]" started-at="2026-07-29T21:14:18 IST" name="setup" finished-at="2026-07-29T21:14:18 IST" duration-ms="1" status="PASS">
          <reporter-output>
          </reporter-output>
        </test-method> <!-- setup -->
        <test-method signature="getCollection()[pri:0, instance:test.Placeobjectordertest@5656be13]" started-at="2026-07-29T21:14:18 IST" name="getCollection" finished-at="2026-07-29T21:14:18 IST" duration-ms="379" status="PASS">
          <reporter-output>
          </reporter-output>
        </test-method> <!-- getCollection -->
        <test-method is-config="true" signature="setup()[pri:0, instance:test.Placeobjectordertest@5656be13]" started-at="2026-07-29T21:14:18 IST" name="setup" finished-at="2026-07-29T21:14:18 IST" duration-ms="0" status="PASS">
          <reporter-output>
          </reporter-output>
        </test-method> <!-- setup -->
        <test-method signature="getObjectId()[pri:0, instance:test.Placeobjectordertest@5656be13]" started-at="2026-07-29T21:14:18 IST" name="getObjectId" finished-at="2026-07-29T21:14:18 IST" duration-ms="348" status="PASS">
          <reporter-output>
          </reporter-output>
        </test-method> <!-- getObjectId -->
        <test-method is-config="true" signature="setup()[pri:0, instance:test.Placeobjectordertest@5656be13]" started-at="2026-07-29T21:14:18 IST" name="setup" finished-at="2026-07-29T21:14:18 IST" duration-ms="1" status="PASS">
          <reporter-output>
          </reporter-output>
        </test-method> <!-- setup -->
        <test-method signature="getObjects()[pri:0, instance:test.Placeobjectordertest@5656be13]" started-at="2026-07-29T21:14:18 IST" name="getObjects" finished-at="2026-07-29T21:14:19 IST" duration-ms="401" status="PASS">
          <reporter-output>
          </reporter-output>
        </test-method> <!-- getObjects -->
      </class> <!-- test.Placeobjectordertest -->
    </test> <!-- Default test -->
  </suite> <!-- Default suite -->
</testng-results>
