<?xml version="1.0" encoding="UTF-8"?>
<!-- Generated by org.testng.reporters.JUnitReportReporter -->
<testsuite hostname="Laptop" failures="0" tests="4" name="test.Placeobjectordertest" time="4.416" errors="0" timestamp="2026-07-29T21:14:19 IST" skipped="0">
  <testcase classname="test.Placeobjectordertest" name="getObjectId" time="0.718"/>
  <testcase classname="test.Placeobjectordertest" name="getObjects" time="0.401"/>
  <testcase classname="test.Placeobjectordertest" name="getCollection" time="0.380"/>
  <testcase classname="test.Placeobjectordertest" name="createCollection" time="2.917"/>
</testsuite> <!-- test.Placeobjectordertest -->
