<?xml version="1.0" encoding="UTF-8"?>
<!-- Generated by org.testng.reporters.JUnitReportReporter -->
<testsuite hostname="Laptop" failures="0" tests="4" name="test.Placeobjectordertest" time="4.022" errors="0" timestamp="2026-07-29T16:33:44 IST" skipped="0">
  <testcase classname="test.Placeobjectordertest" name="createCollection" time="2.818"/>
  <testcase classname="test.Placeobjectordertest" name="getCollection" time="0.410"/>
  <testcase classname="test.Placeobjectordertest" name="getObjects" time="0.438"/>
  <testcase classname="test.Placeobjectordertest" name="getObjectId" time="0.356"/>
</testsuite> <!-- test.Placeobjectordertest -->
